<?xml version="1.0" encoding="UTF-8"?>
<!-- Generated by org.testng.reporters.JUnitXMLReporter -->
<testsuite hostname="DESKTOP-HAQKA9K" name="JIRARestAPITests" tests="1" failures="1" timestamp="15 Jun 2018 06:59:31 GMT" time="0.607" errors="0">
  <testcase name="addPlaceInGoogleMaps" time="0.592" classname="jira.api.rest.POSTJIRAIssue">
    <failure type="java.nio.file.NoSuchFileException" message="JIRALoginPayload.json">
      <![CDATA[java.nio.file.NoSuchFileException: JIRALoginPayload.json
	at sun.nio.fs.WindowsException.translateToIOException(Unknown Source)
	at sun.nio.fs.WindowsException.rethrowAsIOException(Unknown Source)
	at sun.nio.fs.WindowsException.rethrowAsIOException(Unknown Source)
	at sun.nio.fs.WindowsFileSystemProvider.newByteChannel(Unknown Source)
	at java.nio.file.Files.newByteChannel(Unknown Source)
	at java.nio.file.Files.newByteChannel(Unknown Source)
	at java.nio.file.Files.readAllBytes(Unknown Source)
	at utilities.PayloadReader.getPayloadasString(PayloadReader.java:12)
	at jira.api.rest.POSTJIRAIssue.addPlaceInGoogleMaps(POSTJIRAIssue.java:35)
... Removed 24 stack frames]]>
    </failure>
  </testcase> <!-- addPlaceInGoogleMaps -->
</testsuite> <!-- JIRARestAPITests -->
