<?xml version="1.0" encoding="UTF-8"?>
<!-- Generated by org.testng.reporters.JUnitXMLReporter -->
<testsuite hostname="INBANGOYAL2" ignored="0" name="SequenceParallel" tests="3" failures="0" timestamp="07 Jun 2018 13:40:03 GMT" time="1.048" errors="0">
  <testcase name="testIsPrimeMethod" time="0.024" classname="NumberArraysTests.TestPrimeNumbersTestNG"/>
  <testcase name="testMaxPnLStocks" time="0.033" classname="NumberArraysTests.TestMaxProfitLossInStocksTestNG"/>
  <testcase name="testGetNthPrimeMethods" time="1.018" classname="NumberArraysTests.TestPrimeNumbersTestNG"/>
</testsuite> <!-- SequenceParallel -->
