<?xml version="1.0" encoding="UTF-8" ?>
<testsuite tests="11" failures="1" name="TestSuite" time="10.107" errors="0" skipped="0">
  <properties>
[...]
</properties>
  <testcase classname="RestAssuredJSONTests.TestGETRequest" name="searchInGoogleMaps" time="4.027">
    <failure message="1 expectation failed.
JSON path results[0].geometry.viewport.northeast.lat doesn&apos;t match.
Expected: 48.24822
  Actual: 48.24822
" type="java.lang.AssertionError">java.lang.AssertionError: 1 expectation failed.
JSON path results[0].geometry.viewport.northeast.lat doesn&apos;t match.
Expected: 48.24822
  Actual: 48.24822

	at sun.reflect.NativeConstructorAccessorImpl.newInstance0(Native Method)
	at sun.reflect.NativeConstructorAccessorImpl.newInstance(NativeConstructorAccessorImpl.java:62)
	at sun.reflect.DelegatingConstructorAccessorImpl.newInstance(DelegatingConstructorAccessorImpl.java:45)
	at java.lang.reflect.Constructor.newInstance(Constructor.java:423)
	at org.codehaus.groovy.reflection.CachedConstructor.invoke(CachedConstructor.java:83)
	at org.codehaus.groovy.reflection.CachedConstructor.doConstructorInvoke(CachedConstructor.java:77)
	at org.codehaus.groovy.runtime.callsite.ConstructorSite$ConstructorSiteNoUnwrap.callConstructor(ConstructorSite.java:84)
	at org.codehaus.groovy.runtime.callsite.CallSiteArray.defaultCallConstructor(CallSiteArray.java:60)
	at org.codehaus.groovy.runtime.callsite.AbstractCallSite.callConstructor(AbstractCallSite.java:235)
	at org.codehaus.groovy.runtime.callsite.AbstractCallSite.callConstructor(AbstractCallSite.java:247)
	at io.restassured.internal.ResponseSpecificationImpl$HamcrestAssertionClosure.validate(ResponseSpecificationImpl.groovy:471)
	at io.restassured.internal.ResponseSpecificationImpl$HamcrestAssertionClosure$validate$1.call(Unknown Source)
	at io.restassured.internal.ResponseSpecificationImpl.validateResponseIfRequired(ResponseSpecificationImpl.groovy:643)
	at sun.reflect.NativeMethodAccessorImpl.invoke0(Native Method)
	at sun.reflect.NativeMethodAccessorImpl.invoke(NativeMethodAccessorImpl.java:62)
	at sun.reflect.DelegatingMethodAccessorImpl.invoke(DelegatingMethodAccessorImpl.java:43)
	at java.lang.reflect.Method.invoke(Method.java:498)
	at org.codehaus.groovy.runtime.callsite.PogoMetaMethodSite$PogoCachedMethodSiteNoUnwrapNoCoerce.invoke(PogoMetaMethodSite.java:210)
	at org.codehaus.groovy.runtime.callsite.PogoMetaMethodSite.callCurrent(PogoMetaMethodSite.java:59)
	at org.codehaus.groovy.runtime.callsite.AbstractCallSite.callCurrent(AbstractCallSite.java:166)
	at io.restassured.internal.ResponseSpecificationImpl.content(ResponseSpecificationImpl.groovy:265)
	at io.restassured.specification.ResponseSpecification$content$1.callCurrent(Unknown Source)
	at io.restassured.internal.ResponseSpecificationImpl.body(ResponseSpecificationImpl.groovy:248)
	at io.restassured.internal.ValidatableResponseOptionsImpl.body(ValidatableResponseOptionsImpl.java:268)
	at RestAssuredJSONTests.TestGETRequest.searchInGoogleMaps(TestGETRequest.java:33)
</failure>
    <system-out>Configuring TestNG with: org.apache.maven.surefire.testng.conf.TestNG652Configurator@12bb4df8
</system-out>
  </testcase>
  <testcase classname="RestAssuredJSONTests.TestGETRequestJSONParse" name="searchGoogleMapsJSON" time="0.641"/>
  <testcase classname="NumberArraysTests.TestMaxProfitLossInStocksTestNG" name="testMaxPnLStocks" time="0.009"/>
  <testcase classname="RestAssuredJSONTests.TestPOSTDeleteE2E" name="addPlaceInGoogleMaps" time="0.989"/>
  <testcase classname="RestAssuredXMLTests.TestPOSTDeleteE2E" name="addPlaceInGoogleMaps" time="1.021"/>
  <testcase classname="RestAssuredJSONTests.TestPOSTRequest" name="addPlaceInGoogleMaps" time="0.419"/>
  <testcase classname="RestAssuredXMLTests.TestPOSTRequest" name="addPlaceInGoogleMaps" time="0.448"/>
  <testcase classname="RestAssuredJSONTests.TestPOSTResponseValidator" name="addPlaceInGoogleMaps" time="0.449"/>
  <testcase classname="RestAssuredXMLTests.TestPOSTResponseValidator" name="addPlaceInGoogleMaps" time="0.454"/>
  <testcase classname="NumberArraysTests.TestPrimeNumbersTestNG" name="testGetNthPrimeMethods" time="1.649"/>
  <testcase classname="NumberArraysTests.TestPrimeNumbersTestNG" name="testIsPrimeMethod" time="0.001"/>
</testsuite>