<?xml version="1.0" encoding="UTF-8"?>
<testng-results skipped="0" failed="0" total="1" passed="1">
  <reporter-output>
  </reporter-output>
  <suite name="TestNGLearningSuite" duration-ms="33789" started-at="2018-06-17T08:34:58Z" finished-at="2018-06-17T08:35:32Z">
    <groups>
    </groups>
    <test name="JIRARestAPITests" duration-ms="33789" started-at="2018-06-17T08:34:58Z" finished-at="2018-06-17T08:35:32Z">
      <class name="jira.api.rest.DELETEJIRAComment">
        <test-method status="PASS" signature="getJIRASessionID()[pri:0, instance:jira.api.rest.DELETEJIRAComment@cc285f4]" name="getJIRASessionID" duration-ms="33769" started-at="2018-06-17T14:04:58Z" finished-at="2018-06-17T14:05:32Z">
          <reporter-output>
          </reporter-output>
        </test-method> <!-- getJIRASessionID -->
      </class> <!-- jira.api.rest.DELETEJIRAComment -->
    </test> <!-- JIRARestAPITests -->
  </suite> <!-- TestNGLearningSuite -->
</testng-results>
